make all --print-data-base --no-builtin-variables --no-builtin-rules --question
# GNU Make 4.3
# Built for x86_64-pc-linux-gnu
# Copyright (C) 1988-2020 Free Software Foundation, Inc.
# License GPLv3+: GNU GPL version 3 or later <http://gnu.org/licenses/gpl.html>
# This is free software: you are free to change and redistribute it.
# There is NO WARRANTY, to the extent permitted by law.

# Make data base, printed on Sat Aug 20 11:12:40 2022

# Variables

# environment
GDK_BACKEND = x11
# environment
LC_ALL = C
# environment
GNOME_SHELL_SESSION_MODE = ubuntu
# environment
SSH_AGENT_LAUNCHER = gnome-keyring
# environment
SNAP_INSTANCE_KEY = 
# makefile (from 'Makefile', line 30)
SRC_PATH = ./srcs/
# environment
GJS_DEBUG_OUTPUT = stderr
# environment
LC_NAME = fr_FR.UTF-8
# environment
LC_NUMERIC = fr_FR.UTF-8
# environment
VSCODE_CWD = /home/nicolas
# environment
LC_ADDRESS = fr_FR.UTF-8
# default
MAKE_COMMAND := make
# environment
QT_ACCESSIBILITY = 1
# automatic
@D = $(patsubst %/,%,$(dir $@))
# environment
SNAP_INSTANCE_NAME = code
# environment
GDK_PIXBUF_MODULEDIR = /snap/code/105/usr/lib/x86_64-linux-gnu/gdk-pixbuf-2.0/2.10.0/loaders
# environment
VSCODE_HANDLES_UNCAUGHT_ERRORS = true
# default
.VARIABLES := 
# environment
PWD = /home/nicolas/Documents/github/piscine_cpp/module_07/ex02
# automatic
%D = $(patsubst %/,%,$(dir $%))
# environment
LSCOLORS = Gxfxcxdxbxegedabagacad
# environment
XDG_DATA_DIRS = /home/nicolas/.local/share/flatpak/exports/share:/var/lib/flatpak/exports/share:/usr/local/share/:/usr/share/:/var/lib/snapd/desktop
# environment
OLDPWD = /home/nicolas
# automatic
^D = $(patsubst %/,%,$(dir $^))
# automatic
%F = $(notdir $%)
# environment
VSCODE_CODE_CACHE_PATH = /home/nicolas/.config/Code/CachedData/e4503b30fc78200f846c62cf8091b76ff5547662
# environment
LANG = C
# environment
XAUTHORITY = /run/user/1000/.mutter-Xwaylandauth.IL8JR1
# default
.LOADED := 
# default
.INCLUDE_DIRS = /usr/local/include /usr/include /usr/include
# makefile
MAKEFLAGS = pqrR
# makefile (from 'Makefile', line 48)
NO_COLOR = \033[m
# makefile (from 'Makefile', line 45)
BLUE = \033[0;34m
# makefile
CURDIR := /home/nicolas/Documents/github/piscine_cpp/module_07/ex02
# makefile (from 'Makefile', line 39)
DEPENDS = $(addprefix $(OBJ_PATH), ${SRCS:.cpp=.d})
# environment
APPLICATION_INSIGHTS_NO_DIAGNOSTIC_CHANNEL = true
# makefile (from 'Makefile', line 16)
SRCS = main.cpp 
# automatic
*D = $(patsubst %/,%,$(dir $*))
# environment
MFLAGS = -pqrR
# environment
SSH_AUTH_SOCK = /run/user/1000/keyring/ssh
# default
.SHELLFLAGS := -c
# environment
WAYLAND_DISPLAY = wayland-0
# automatic
+D = $(patsubst %/,%,$(dir $+))
# environment
XDG_SESSION_DESKTOP = ubuntu
# makefile (from 'objs/main.d', line 1)
MAKEFILE_LIST := Makefile objs/main.d
# environment
SNAP_REEXEC = 
# automatic
@F = $(notdir $@)
# environment
ZSH = /home/nicolas/.oh-my-zsh
# environment
VSCODE_PID = 21711
# environment
XDG_SESSION_TYPE = wayland
# automatic
?D = $(patsubst %/,%,$(dir $?))
# environment
BAMF_DESKTOP_FILE_HINT = /var/lib/snapd/desktop/applications/code_code.desktop
# environment
SESSION_MANAGER = local/nicolas-XPS-15-9500:@/tmp/.ICE-unix/2525,unix/nicolas-XPS-15-9500:/tmp/.ICE-unix/2525
# automatic
*F = $(notdir $*)
# environment
CHROME_DESKTOP = code-url-handler.desktop
# environment
DBUS_SESSION_BUS_ADDRESS = unix:path=/run/user/1000/bus
# automatic
<D = $(patsubst %/,%,$(dir $<))
# environment
VSCODE_NLS_CONFIG = {"locale":"en-us","availableLanguages":{},"_languagePackSupport":true}
# default
MAKE_HOST := x86_64-pc-linux-gnu
# makefile (from 'Makefile', line 38)
OBJS = $(addprefix $(OBJ_PATH), ${SRCS:.cpp=.o})
# environment
GNOME_DESKTOP_SESSION_ID = this-is-deprecated
# makefile
SHELL = /bin/sh
# default
MAKECMDGOALS := all
# environment
XMODIFIERS = @im=ibus
# environment
GJS_DEBUG_TOPICS = JS ERROR;JS LOG
# environment
SHLVL = 0
# environment
MAKELEVEL := 0
# default
MAKE = $(MAKE_COMMAND)
# environment
SNAP_COOKIE = CEZt7BCZrKMVXecjmrxbDPMiQffLKbiX-_bOEGc96lgjms7V65r5
# environment
PATH = /usr/local/sbin:/usr/local/bin:/usr/sbin:/usr/bin:/sbin:/bin:/usr/games:/usr/local/games:/snap/bin:/snap/bin
# makefile (from 'Makefile', line 31)
OBJ_PATH = ./objs/
# default
MAKEFILES := 
# environment
LC_MONETARY = fr_FR.UTF-8
# automatic
^F = $(notdir $^)
# environment
SNAP_USER_COMMON = /home/nicolas/snap/code/common
# environment
LC_TIME = fr_FR.UTF-8
# environment
SNAP = /snap/code/105
# environment
INVOCATION_ID = f0beba31a7f04b10873deb1cc0e55eb9
# environment
SNAP_REVISION = 105
# environment
SNAP_REAL_HOME = /home/nicolas
# environment
USERNAME = nicolas
# makefile (from 'Makefile', line 47)
GREEN = \033[0;32m
# environment
GNOME_SETUP_DISPLAY = :1
# environment
LC_TELEPHONE = fr_FR.UTF-8
# automatic
?F = $(notdir $?)
# makefile (from 'Makefile', line 22)
INC = -I ./includes/ 
# makefile (from 'Makefile', line 1)
NAME = template_test
# environment
XDG_CURRENT_DESKTOP = Unity
# environment
LS_COLORS = 
# automatic
+F = $(notdir $+)
# environment
LESS = -R
# environment
DESKTOP_SESSION = ubuntu
# environment
ORIGINAL_XDG_CURRENT_DESKTOP = ubuntu:GNOME
# 'override' directive
GNUMAKEFLAGS := 
# environment
LOGNAME = nicolas
# environment
GIO_LAUNCHED_DESKTOP_FILE = /var/lib/snapd/desktop/applications/code_code.desktop
# environment
SNAP_ARCH = amd64
# makefile
.DEFAULT_GOAL := all
# environment
SYSTEMD_EXEC_PID = 2543
# makefile (from 'Makefile', line 46)
RED = \033[0;31m
# environment
DISPLAY = :0
# environment
USER = nicolas
# environment
GTK_MODULES = gail:atk-bridge:appmenu-gtk-module
# default
MAKE_VERSION := 4.3
# environment
DISABLE_WAYLAND = 1
# environment
SNAP_DATA = /var/snap/code/105
# environment
SNAP_CONTEXT = CEZt7BCZrKMVXecjmrxbDPMiQffLKbiX-_bOEGc96lgjms7V65r5
# makefile (from 'Makefile', line 9)
LDFLAGS = -Wall -Wextra -Werror -std=c++98 -g3
# environment
MANAGERPID = 2395
# environment
LC_MEASUREMENT = fr_FR.UTF-8
# environment
GIO_LAUNCHED_DESKTOP_FILE_PID = 21669
# environment
PAGER = less
# environment
_ = /snap/code/105/usr/share/code/code
# environment
LC_PAPER = fr_FR.UTF-8
# environment
XDG_RUNTIME_DIR = /run/user/1000
# makefile (from 'Makefile', line 8)
CFLAGS = -Wall -Wextra -Werror -MD -std=c++98 -g3
# environment
GDK_PIXBUF_MODULE_FILE = /home/nicolas/snap/code/common/.cache/gdk-pixbuf-loaders.cache
# environment
JOURNAL_STREAM = 8:34414
# environment
XDG_SESSION_CLASS = user
# environment
VSCODE_AMD_ENTRYPOINT = vs/workbench/api/node/extensionHostProcess
# environment
HOME = /home/nicolas
# environment
QT_IM_MODULE = ibus
# environment
ELECTRON_RUN_AS_NODE = 1
# environment
VSCODE_IPC_HOOK = /run/user/1000/vscode-0ed59228-1.70.2-main.sock
# environment
SNAP_NAME = code
# environment
GSETTINGS_SCHEMA_DIR = /snap/code/105/usr/share/glib-2.0/schemas
# default
.RECIPEPREFIX := 
# automatic
<F = $(notdir $<)
# environment
SNAP_VERSION = e4503b30
# default
SUFFIXES := 
# makefile (from 'Makefile', line 10)
SILENT = --no-print-directory
# environment
VSCODE_CLI = 1
# environment
ELECTRON_NO_ATTACH_CONSOLE = 1
# makefile (from 'Makefile', line 24)
LIBINC = 
# environment
SNAP_COMMON = /var/snap/code/common
# default
.FEATURES := target-specific order-only second-expansion else-if shortest-stem undefine oneshell nocomment grouped-target extra-prereqs archives jobserver output-sync check-symlink load
# makefile (from 'Makefile', line 7)
CC = c++
# environment
SNAP_USER_DATA = /home/nicolas/snap/code/105
# environment
XDG_MENU_PREFIX = gnome-
# environment
GDMSESSION = ubuntu
# environment
LC_IDENTIFICATION = fr_FR.UTF-8
# environment
SNAP_LIBRARY_PATH = /var/lib/snapd/lib/gl:/var/lib/snapd/lib/gl32:/var/lib/snapd/void
# variable set hash-table stats:
# Load=142/1024=14%, Rehash=0, Collisions=15/190=8%

# Pattern-specific Variable Values

# No pattern-specific variable values.

# Directories

# . (device 66309, inode 6947486): 8 files, no impossibilities.
# srcs (device 66309, inode 6947489): No files, no impossibilities so far.

# 8 files, no impossibilities in 2 directories.

# Implicit Rules

objs/%.o: srcs/%.cpp
#  recipe to execute (from 'Makefile', line 64):
	@mkdir -p $(dir $@)
	@$(CC)  $(CFLAGS) $(LIBINC) -c -o $@ $<  $(INC)
 

# 1 implicit rules, 0 (0.0%) terminal.
# Files

# Not a target:
/usr/include/x86_64-linux-gnu/bits/wordsize.h:
#  Implicit rule search has not been done.
#  Modification time never checked.
#  File has not been updated.

# Not a target:
/usr/include/c++/11/ext/alloc_traits.h:
#  Implicit rule search has not been done.
#  Modification time never checked.
#  File has not been updated.

# Not a target:
/usr/include/x86_64-linux-gnu/sys/cdefs.h:
#  Implicit rule search has not been done.
#  Modification time never checked.
#  File has not been updated.

# Not a target:
/usr/include/c++/11/bits/basic_string.tcc:
#  Implicit rule search has not been done.
#  Modification time never checked.
#  File has not been updated.

# Not a target:
/usr/include/c++/11/bits/stl_pair.h:
#  Implicit rule search has not been done.
#  Modification time never checked.
#  File has not been updated.

# Not a target:
/usr/include/x86_64-linux-gnu/bits/types/timer_t.h:
#  Implicit rule search has not been done.
#  Modification time never checked.
#  File has not been updated.

# Not a target:
/usr/include/c++/11/iosfwd:
#  Implicit rule search has not been done.
#  Modification time never checked.
#  File has not been updated.

# Not a target:
/usr/include/x86_64-linux-gnu/bits/types/struct_itimerspec.h:
#  Implicit rule search has not been done.
#  Modification time never checked.
#  File has not been updated.

# Not a target:
/usr/include/x86_64-linux-gnu/bits/time64.h:
#  Implicit rule search has not been done.
#  Modification time never checked.
#  File has not been updated.

# Not a target:
/usr/include/c++/11/bits/localefwd.h:
#  Implicit rule search has not been done.
#  Modification time never checked.
#  File has not been updated.

# Not a target:
/usr/include/x86_64-linux-gnu/bits/long-double.h:
#  Implicit rule search has not been done.
#  Modification time never checked.
#  File has not been updated.

# Not a target:
/usr/include/x86_64-linux-gnu/bits/libc-header-start.h:
#  Implicit rule search has not been done.
#  Modification time never checked.
#  File has not been updated.

# Not a target:
/usr/include/x86_64-linux-gnu/bits/types/struct_timespec.h:
#  Implicit rule search has not been done.
#  Modification time never checked.
#  File has not been updated.

# Not a target:
/usr/include/c++/11/bits/predefined_ops.h:
#  Implicit rule search has not been done.
#  Modification time never checked.
#  File has not been updated.

# Not a target:
/usr/include/x86_64-linux-gnu/bits/types/clockid_t.h:
#  Implicit rule search has not been done.
#  Modification time never checked.
#  File has not been updated.

# Not a target:
/usr/include/c++/11/cwctype:
#  Implicit rule search has not been done.
#  Modification time never checked.
#  File has not been updated.

# Not a target:
/usr/include/c++/11/bits/istream.tcc:
#  Implicit rule search has not been done.
#  Modification time never checked.
#  File has not been updated.

# Not a target:
/usr/include/x86_64-linux-gnu/bits/types/struct___jmp_buf_tag.h:
#  Implicit rule search has not been done.
#  Modification time never checked.
#  File has not been updated.

# Not a target:
/usr/include/x86_64-linux-gnu/bits/pthreadtypes.h:
#  Implicit rule search has not been done.
#  Modification time never checked.
#  File has not been updated.

# Not a target:
/usr/include/c++/11/streambuf:
#  Implicit rule search has not been done.
#  Modification time never checked.
#  File has not been updated.

# Not a target:
/usr/include/c++/11/bits/exception.h:
#  Implicit rule search has not been done.
#  Modification time never checked.
#  File has not been updated.

# Not a target:
/usr/include/x86_64-linux-gnu/bits/waitstatus.h:
#  Implicit rule search has not been done.
#  Modification time never checked.
#  File has not been updated.

# Not a target:
/usr/include/c++/11/ext/atomicity.h:
#  Implicit rule search has not been done.
#  Modification time never checked.
#  File has not been updated.

# Not a target:
/usr/include/strings.h:
#  Implicit rule search has not been done.
#  Modification time never checked.
#  File has not been updated.

# Not a target:
/usr/include/c++/11/bits/concept_check.h:
#  Implicit rule search has not been done.
#  Modification time never checked.
#  File has not been updated.

# Not a target:
/usr/include/c++/11/ext/type_traits.h:
#  Implicit rule search has not been done.
#  Modification time never checked.
#  File has not been updated.

# Not a target:
/usr/include/x86_64-linux-gnu/gnu/stubs.h:
#  Implicit rule search has not been done.
#  Modification time never checked.
#  File has not been updated.

# Not a target:
/usr/include/c++/11/bits/stl_iterator_base_funcs.h:
#  Implicit rule search has not been done.
#  Modification time never checked.
#  File has not been updated.

# Not a target:
/usr/include/x86_64-linux-gnu/bits/types.h:
#  Implicit rule search has not been done.
#  Modification time never checked.
#  File has not been updated.

# Not a target:
/usr/include/x86_64-linux-gnu/bits/cpu-set.h:
#  Implicit rule search has not been done.
#  Modification time never checked.
#  File has not been updated.

# Not a target:
/usr/include/c++/11/bits/ostream_insert.h:
#  Implicit rule search has not been done.
#  Modification time never checked.
#  File has not been updated.

# Not a target:
/usr/include/x86_64-linux-gnu/bits/types/FILE.h:
#  Implicit rule search has not been done.
#  Modification time never checked.
#  File has not been updated.

# Not a target:
/usr/include/x86_64-linux-gnu/bits/wchar.h:
#  Implicit rule search has not been done.
#  Modification time never checked.
#  File has not been updated.

# Not a target:
/usr/include/x86_64-linux-gnu/c++/11/bits/os_defines.h:
#  Implicit rule search has not been done.
#  Modification time never checked.
#  File has not been updated.

# Not a target:
/usr/include/c++/11/bits/cpp_type_traits.h:
#  Implicit rule search has not been done.
#  Modification time never checked.
#  File has not been updated.

# Not a target:
/usr/include/x86_64-linux-gnu/c++/11/bits/c++allocator.h:
#  Implicit rule search has not been done.
#  Modification time never checked.
#  File has not been updated.

# Not a target:
objs/main.d:
#  Implicit rule search has been done.
#  Last modified 2022-08-20 11:11:20.547590939
#  File has been updated.
#  Successfully updated.

# Not a target:
/usr/include/c++/11/bits/locale_classes.h:
#  Implicit rule search has not been done.
#  Modification time never checked.
#  File has not been updated.

# Not a target:
/usr/include/c++/11/bits/stl_construct.h:
#  Implicit rule search has not been done.
#  Modification time never checked.
#  File has not been updated.

# Not a target:
/usr/include/c++/11/bits/stl_algobase.h:
#  Implicit rule search has not been done.
#  Modification time never checked.
#  File has not been updated.

# Not a target:
/usr/include/x86_64-linux-gnu/bits/floatn.h:
#  Implicit rule search has not been done.
#  Modification time never checked.
#  File has not been updated.

# Not a target:
/usr/include/c++/11/bits/cxxabi_forced.h:
#  Implicit rule search has not been done.
#  Modification time never checked.
#  File has not been updated.

# Not a target:
/usr/include/c++/11/bits/locale_facets.h:
#  Implicit rule search has not been done.
#  Modification time never checked.
#  File has not been updated.

# Not a target:
Makefile:
#  Implicit rule search has been done.
#  Last modified 2022-08-20 11:11:55.215720117
#  File has been updated.
#  Successfully updated.

# Not a target:
/usr/include/c++/11/cwchar:
#  Implicit rule search has not been done.
#  Modification time never checked.
#  File has not been updated.

# Not a target:
/usr/include/x86_64-linux-gnu/bits/endianness.h:
#  Implicit rule search has not been done.
#  Modification time never checked.
#  File has not been updated.

# Not a target:
/usr/include/x86_64-linux-gnu/bits/types/locale_t.h:
#  Implicit rule search has not been done.
#  Modification time never checked.
#  File has not been updated.

clean_exec:
#  Phony target (prerequisite of .PHONY).
#  Implicit rule search has not been done.
#  File does not exist.
 
#  File has not been updated.
#  recipe to execute (from 'Makefile', line 107):
	@echo "$(NAME) Cleaning executable..."

# Not a target:
/usr/include/x86_64-linux-gnu/bits/types/mbstate_t.h:
#  Implicit rule search has not been done.
#  Modification time never checked.
#  File has not been updated.

# Not a target:
/usr/include/x86_64-linux-gnu/bits/typesizes.h:
#  Implicit rule search has not been done.
#  Modification time never checked.
#  File has not been updated.

# Not a target:
/usr/include/c++/11/backward/binders.h:
#  Implicit rule search has not been done.
#  Modification time never checked.
#  File has not been updated.

# Not a target:
/usr/include/wchar.h:
#  Implicit rule search has not been done.
#  Modification time never checked.
#  File has not been updated.

template_test: linking objs/main.o
#  Implicit rule search has not been done.
#  Modification time never checked.
#  File has not been updated.
#  recipe to execute (from 'Makefile', line 60):
	@$(CC) $(LDFLAGS) $(LIBINC) -o $@ $(OBJS) $(INC) 
	

# Not a target:
/usr/include/x86_64-linux-gnu/bits/atomic_wide_counter.h:
#  Implicit rule search has not been done.
#  Modification time never checked.
#  File has not been updated.

# Not a target:
/usr/include/x86_64-linux-gnu/bits/types/sigset_t.h:
#  Implicit rule search has not been done.
#  Modification time never checked.
#  File has not been updated.

# Not a target:
/usr/include/c++/11/bits/allocator.h:
#  Implicit rule search has not been done.
#  Modification time never checked.
#  File has not been updated.

# Not a target:
/usr/include/pthread.h:
#  Implicit rule search has not been done.
#  Modification time never checked.
#  File has not been updated.

# Not a target:
/usr/include/features-time64.h:
#  Implicit rule search has not been done.
#  Modification time never checked.
#  File has not been updated.

# Not a target:
/usr/lib/gcc/x86_64-linux-gnu/11/include/stddef.h:
#  Implicit rule search has not been done.
#  Modification time never checked.
#  File has not been updated.

# Not a target:
/usr/include/c++/11/bits/alloc_traits.h:
#  Implicit rule search has not been done.
#  Modification time never checked.
#  File has not been updated.

clean: clean_files
#  Phony target (prerequisite of .PHONY).
#  Implicit rule search has not been done.
#  File does not exist.
#  File has not been updated.
#  recipe to execute (from 'Makefile', line 68):
	@rm -f $(OBJS)
	@rm -f $(OBJ_PATH)$(DEPENDS)
	@rm -rf $(OBJ_PATH)

# Not a target:
/usr/include/c++/11/bits/range_access.h:
#  Implicit rule search has not been done.
#  Modification time never checked.
#  File has not been updated.

# Not a target:
/usr/include/c++/11/bits/stringfwd.h:
#  Implicit rule search has not been done.
#  Modification time never checked.
#  File has not been updated.

# Not a target:
/usr/include/c++/11/debug/assertions.h:
#  Implicit rule search has not been done.
#  Modification time never checked.
#  File has not been updated.

# Not a target:
/usr/include/endian.h:
#  Implicit rule search has not been done.
#  Modification time never checked.
#  File has not been updated.

# Not a target:
/usr/include/x86_64-linux-gnu/bits/types/time_t.h:
#  Implicit rule search has not been done.
#  Modification time never checked.
#  File has not been updated.

# Not a target:
/usr/include/x86_64-linux-gnu/c++/11/bits/gthr.h:
#  Implicit rule search has not been done.
#  Modification time never checked.
#  File has not been updated.

# Not a target:
/usr/include/x86_64-linux-gnu/bits/time.h:
#  Implicit rule search has not been done.
#  Modification time never checked.
#  File has not been updated.

# Not a target:
/usr/include/c++/11/bits/char_traits.h:
#  Implicit rule search has not been done.
#  Modification time never checked.
#  File has not been updated.

# Not a target:
/usr/include/features.h:
#  Implicit rule search has not been done.
#  Modification time never checked.
#  File has not been updated.

# Not a target:
/usr/include/x86_64-linux-gnu/bits/thread-shared-types.h:
#  Implicit rule search has not been done.
#  Modification time never checked.
#  File has not been updated.

# Not a target:
/usr/include/x86_64-linux-gnu/bits/timex.h:
#  Implicit rule search has not been done.
#  Modification time never checked.
#  File has not been updated.

# Not a target:
/usr/include/x86_64-linux-gnu/bits/types/__locale_t.h:
#  Implicit rule search has not been done.
#  Modification time never checked.
#  File has not been updated.

# Not a target:
/usr/include/x86_64-linux-gnu/bits/struct_mutex.h:
#  Implicit rule search has not been done.
#  Modification time never checked.
#  File has not been updated.

# Not a target:
/usr/include/c++/11/bits/streambuf_iterator.h:
#  Implicit rule search has not been done.
#  Modification time never checked.
#  File has not been updated.

# Not a target:
/usr/include/x86_64-linux-gnu/bits/endian.h:
#  Implicit rule search has not been done.
#  Modification time never checked.
#  File has not been updated.

# Not a target:
/usr/include/x86_64-linux-gnu/bits/setjmp.h:
#  Implicit rule search has not been done.
#  Modification time never checked.
#  File has not been updated.

re: fclean
#  Phony target (prerequisite of .PHONY).
#  Implicit rule search has not been done.
#  File does not exist.
#  File has not been updated.
#  recipe to execute (from 'Makefile', line 76):
	@make all $(SILENT)

linking:
#  Phony target (prerequisite of .PHONY).
#  Implicit rule search has not been done.
#  File does not exist.
#  File has not been updated.
#  recipe to execute (from 'Makefile', line 101):
	@echo "$(NAME) Linking in progress..."

# Not a target:
/usr/include/c++/11/bits/ostream.tcc:
#  Implicit rule search has not been done.
#  Modification time never checked.
#  File has not been updated.

# Not a target:
/usr/include/x86_64-linux-gnu/bits/pthread_stack_min-dynamic.h:
#  Implicit rule search has not been done.
#  Modification time never checked.
#  File has not been updated.

# Not a target:
/usr/include/x86_64-linux-gnu/bits/uintn-identity.h:
#  Implicit rule search has not been done.
#  Modification time never checked.
#  File has not been updated.

# Not a target:
/usr/include/x86_64-linux-gnu/bits/timesize.h:
#  Implicit rule search has not been done.
#  Modification time never checked.
#  File has not been updated.

# Not a target:
/usr/include/wctype.h:
#  Implicit rule search has not been done.
#  Modification time never checked.
#  File has not been updated.

# Not a target:
/usr/include/c++/11/iostream:
#  Implicit rule search has not been done.
#  Modification time never checked.
#  File has not been updated.

# Not a target:
/usr/include/x86_64-linux-gnu/gnu/stubs-64.h:
#  Implicit rule search has not been done.
#  Modification time never checked.
#  File has not been updated.

# Not a target:
/usr/include/c++/11/bits/locale_facets.tcc:
#  Implicit rule search has not been done.
#  Modification time never checked.
#  File has not been updated.

# Not a target:
/usr/include/c++/11/ostream:
#  Implicit rule search has not been done.
#  Modification time never checked.
#  File has not been updated.

# Not a target:
/usr/include/x86_64-linux-gnu/sys/types.h:
#  Implicit rule search has not been done.
#  Modification time never checked.
#  File has not been updated.

# Not a target:
/usr/include/x86_64-linux-gnu/c++/11/bits/cpu_defines.h:
#  Implicit rule search has not been done.
#  Modification time never checked.
#  File has not been updated.

# Not a target:
/usr/include/c++/11/ext/new_allocator.h:
#  Implicit rule search has not been done.
#  Modification time never checked.
#  File has not been updated.

# Not a target:
/usr/include/c++/11/new:
#  Implicit rule search has not been done.
#  Modification time never checked.
#  File has not been updated.

# Not a target:
/usr/include/c++/11/bits/stl_function.h:
#  Implicit rule search has not been done.
#  Modification time never checked.
#  File has not been updated.

# Not a target:
/usr/include/c++/11/ext/numeric_traits.h:
#  Implicit rule search has not been done.
#  Modification time never checked.
#  File has not been updated.

 
objs/main.o: srcs/main.cpp /usr/include/stdc-predef.h /usr/include/c++/11/iostream /usr/include/x86_64-linux-gnu/c++/11/bits/c++config.h /usr/include/x86_64-linux-gnu/c++/11/bits/os_defines.h /usr/include/features.h /usr/include/features-time64.h /usr/include/x86_64-linux-gnu/bits/wordsize.h /usr/include/x86_64-linux-gnu/bits/timesize.h /usr/include/x86_64-linux-gnu/sys/cdefs.h /usr/include/x86_64-linux-gnu/bits/long-double.h /usr/include/x86_64-linux-gnu/gnu/stubs.h /usr/include/x86_64-linux-gnu/gnu/stubs-64.h /usr/include/x86_64-linux-gnu/c++/11/bits/cpu_defines.h /usr/include/c++/11/ostream /usr/include/c++/11/ios /usr/include/c++/11/iosfwd /usr/include/c++/11/bits/stringfwd.h /usr/include/c++/11/bits/memoryfwd.h /usr/include/c++/11/bits/postypes.h /usr/include/c++/11/cwchar /usr/include/wchar.h /usr/include/x86_64-linux-gnu/bits/libc-header-start.h /usr/include/x86_64-linux-gnu/bits/floatn.h /usr/include/x86_64-linux-gnu/bits/floatn-common.h /usr/lib/gcc/x86_64-linux-gnu/11/include/stddef.h /usr/lib/gcc/x86_64-linux-gnu/11/include/stdarg.h /usr/include/x86_64-linux-gnu/bits/wchar.h /usr/include/x86_64-linux-gnu/bits/types/wint_t.h /usr/include/x86_64-linux-gnu/bits/types/mbstate_t.h /usr/include/x86_64-linux-gnu/bits/types/__mbstate_t.h /usr/include/x86_64-linux-gnu/bits/types/__FILE.h /usr/include/x86_64-linux-gnu/bits/types/FILE.h /usr/include/x86_64-linux-gnu/bits/types/locale_t.h /usr/include/x86_64-linux-gnu/bits/types/__locale_t.h /usr/include/c++/11/exception /usr/include/c++/11/bits/exception.h /usr/include/c++/11/bits/char_traits.h /usr/include/c++/11/bits/stl_algobase.h /usr/include/c++/11/bits/functexcept.h /usr/include/c++/11/bits/exception_defines.h /usr/include/c++/11/bits/cpp_type_traits.h /usr/include/c++/11/ext/type_traits.h /usr/include/c++/11/ext/numeric_traits.h /usr/include/c++/11/bits/stl_pair.h /usr/include/c++/11/bits/move.h /usr/include/c++/11/bits/concept_check.h /usr/include/c++/11/bits/stl_iterator_base_types.h /usr/include/c++/11/bits/stl_iterator_base_funcs.h /usr/include/c++/11/debug/assertions.h /usr/include/c++/11/bits/stl_iterator.h /usr/include/c++/11/bits/ptr_traits.h /usr/include/c++/11/debug/debug.h /usr/include/c++/11/bits/predefined_ops.h /usr/include/c++/11/bits/localefwd.h /usr/include/x86_64-linux-gnu/c++/11/bits/c++locale.h /usr/include/c++/11/clocale /usr/include/locale.h /usr/include/x86_64-linux-gnu/bits/locale.h /usr/include/c++/11/cctype /usr/include/ctype.h /usr/include/x86_64-linux-gnu/bits/types.h /usr/include/x86_64-linux-gnu/bits/typesizes.h /usr/include/x86_64-linux-gnu/bits/time64.h /usr/include/x86_64-linux-gnu/bits/endian.h /usr/include/x86_64-linux-gnu/bits/endianness.h /usr/include/c++/11/bits/ios_base.h /usr/include/c++/11/ext/atomicity.h /usr/include/x86_64-linux-gnu/c++/11/bits/gthr.h /usr/include/x86_64-linux-gnu/c++/11/bits/gthr-default.h /usr/include/pthread.h /usr/include/sched.h /usr/include/x86_64-linux-gnu/bits/types/time_t.h /usr/include/x86_64-linux-gnu/bits/types/struct_timespec.h /usr/include/x86_64-linux-gnu/bits/sched.h /usr/include/x86_64-linux-gnu/bits/types/struct_sched_param.h /usr/include/x86_64-linux-gnu/bits/cpu-set.h /usr/include/time.h /usr/include/x86_64-linux-gnu/bits/time.h /usr/include/x86_64-linux-gnu/bits/timex.h /usr/include/x86_64-linux-gnu/bits/types/struct_timeval.h /usr/include/x86_64-linux-gnu/bits/types/clock_t.h /usr/include/x86_64-linux-gnu/bits/types/struct_tm.h /usr/include/x86_64-linux-gnu/bits/types/clockid_t.h /usr/include/x86_64-linux-gnu/bits/types/timer_t.h /usr/include/x86_64-linux-gnu/bits/types/struct_itimerspec.h /usr/include/x86_64-linux-gnu/bits/pthreadtypes.h /usr/include/x86_64-linux-gnu/bits/thread-shared-types.h /usr/include/x86_64-linux-gnu/bits/pthreadtypes-arch.h /usr/include/x86_64-linux-gnu/bits/atomic_wide_counter.h /usr/include/x86_64-linux-gnu/bits/struct_mutex.h /usr/include/x86_64-linux-gnu/bits/struct_rwlock.h /usr/include/x86_64-linux-gnu/bits/setjmp.h /usr/include/x86_64-linux-gnu/bits/types/__sigset_t.h /usr/include/x86_64-linux-gnu/bits/types/struct___jmp_buf_tag.h /usr/include/x86_64-linux-gnu/bits/pthread_stack_min-dynamic.h /usr/include/x86_64-linux-gnu/c++/11/bits/atomic_word.h /usr/include/x86_64-linux-gnu/sys/single_threaded.h /usr/include/c++/11/bits/locale_classes.h /usr/include/c++/11/string /usr/include/c++/11/bits/allocator.h /usr/include/x86_64-linux-gnu/c++/11/bits/c++allocator.h /usr/include/c++/11/ext/new_allocator.h /usr/include/c++/11/new /usr/include/c++/11/bits/ostream_insert.h /usr/include/c++/11/bits/cxxabi_forced.h /usr/include/c++/11/bits/stl_function.h /usr/include/c++/11/backward/binders.h /usr/include/c++/11/bits/range_access.h /usr/include/c++/11/bits/basic_string.h /usr/include/c++/11/ext/alloc_traits.h /usr/include/c++/11/bits/alloc_traits.h /usr/include/c++/11/bits/stl_construct.h /usr/include/c++/11/bits/basic_string.tcc /usr/include/c++/11/bits/locale_classes.tcc /usr/include/c++/11/stdexcept /usr/include/c++/11/streambuf /usr/include/c++/11/bits/streambuf.tcc /usr/include/c++/11/bits/basic_ios.h /usr/include/c++/11/bits/locale_facets.h /usr/include/c++/11/cwctype /usr/include/wctype.h /usr/include/x86_64-linux-gnu/bits/wctype-wchar.h /usr/include/x86_64-linux-gnu/c++/11/bits/ctype_base.h /usr/include/c++/11/bits/streambuf_iterator.h /usr/include/x86_64-linux-gnu/c++/11/bits/ctype_inline.h /usr/include/c++/11/bits/locale_facets.tcc /usr/include/c++/11/bits/basic_ios.tcc /usr/include/c++/11/bits/ostream.tcc /usr/include/c++/11/istream /usr/include/c++/11/bits/istream.tcc includes/Array.hpp /usr/include/string.h /usr/include/strings.h /usr/include/c++/11/stdlib.h /usr/include/c++/11/cstdlib /usr/include/stdlib.h /usr/include/x86_64-linux-gnu/bits/waitflags.h /usr/include/x86_64-linux-gnu/bits/waitstatus.h /usr/include/x86_64-linux-gnu/sys/types.h /usr/include/x86_64-linux-gnu/bits/stdint-intn.h /usr/include/endian.h /usr/include/x86_64-linux-gnu/bits/byteswap.h /usr/include/x86_64-linux-gnu/bits/uintn-identity.h /usr/include/x86_64-linux-gnu/sys/select.h /usr/include/x86_64-linux-gnu/bits/select.h /usr/include/x86_64-linux-gnu/bits/types/sigset_t.h /usr/include/alloca.h /usr/include/x86_64-linux-gnu/bits/stdlib-float.h /usr/include/c++/11/bits/std_abs.h
#  Implicit rule search has not been done.
#  Modification time never checked.
#  File has not been updated.

# Not a target:
/usr/include/sched.h:
#  Implicit rule search has not been done.
#  Modification time never checked.
#  File has not been updated.

# Not a target:
/usr/include/x86_64-linux-gnu/c++/11/bits/ctype_base.h:
#  Implicit rule search has not been done.
#  Modification time never checked.
#  File has not been updated.

# Not a target:
/usr/include/x86_64-linux-gnu/bits/locale.h:
#  Implicit rule search has not been done.
#  Modification time never checked.
#  File has not been updated.

# Not a target:
/usr/include/alloca.h:
#  Implicit rule search has not been done.
#  Modification time never checked.
#  File has not been updated.

# Not a target:
/usr/include/string.h:
#  Implicit rule search has not been done.
#  Modification time never checked.
#  File has not been updated.

# Not a target:
.DEFAULT:
#  Implicit rule search has not been done.
#  Modification time never checked.
#  File has not been updated.

# Not a target:
/usr/include/c++/11/bits/stl_iterator_base_types.h:
#  Implicit rule search has not been done.
#  Modification time never checked.
#  File has not been updated.

# Not a target:
/usr/include/c++/11/clocale:
#  Implicit rule search has not been done.
#  Modification time never checked.
#  File has not been updated.

# Not a target:
/usr/include/x86_64-linux-gnu/bits/types/struct_timeval.h:
#  Implicit rule search has not been done.
#  Modification time never checked.
#  File has not been updated.

test_wrong:
#  Phony target (prerequisite of .PHONY).
#  Implicit rule search has not been done.
#  File does not exist.
#  File has not been updated.

all:
#  Phony target (prerequisite of .PHONY).
#  Command line target.
#  Implicit rule search has not been done.
#  Implicit/static pattern stem: ''
#  File does not exist.
#  File has been updated.
#  Needs to be updated (-q is set).
# automatic
# @ := all
# automatic
# * := 
# automatic
# < := 
# automatic
# + := 
# automatic
# % := 
# automatic
# ^ := 
# automatic
# ? := 
# automatic
# | := 
# variable set hash-table stats:
# Load=8/32=25%, Rehash=0, Collisions=1/15=7%
#  recipe to execute (from 'Makefile', line 55):
	@make compilation $(SILENT)
	@make $(NAME) $(SILENT)
	@make completed $(SILENT)

fclean: clean clean_exec
#  Phony target (prerequisite of .PHONY).
#  Implicit rule search has not been done.
#  File does not exist.
#  File has not been updated.
#  recipe to execute (from 'Makefile', line 73):
	@rm -f $(NAME)

# Not a target:
/usr/include/c++/11/bits/functexcept.h:
#  Implicit rule search has not been done.
#  Modification time never checked.
#  File has not been updated.

# Not a target:
/usr/include/x86_64-linux-gnu/c++/11/bits/ctype_inline.h:
#  Implicit rule search has not been done.
#  Modification time never checked.
#  File has not been updated.

# Not a target:
/usr/include/c++/11/bits/basic_ios.h:
#  Implicit rule search has not been done.
#  Modification time never checked.
#  File has not been updated.

# Not a target:
/usr/include/c++/11/bits/stl_iterator.h:
#  Implicit rule search has not been done.
#  Modification time never checked.
#  File has not been updated.

vtest: all
#  Phony target (prerequisite of .PHONY).
#  Implicit rule search has not been done.
#  File does not exist.
#  File has not been updated.
#  recipe to execute (from 'Makefile', line 82):
	valgrind --leak-check=full ./$(NAME)

# Not a target:
/usr/include/x86_64-linux-gnu/bits/select.h:
#  Implicit rule search has not been done.
#  Modification time never checked.
#  File has not been updated.

# Not a target:
/usr/include/c++/11/debug/debug.h:
#  Implicit rule search has not been done.
#  Modification time never checked.
#  File has not been updated.

# Not a target:
/usr/include/stdc-predef.h:
#  Implicit rule search has not been done.
#  Modification time never checked.
#  File has not been updated.

# Not a target:
/usr/include/c++/11/string:
#  Implicit rule search has not been done.
#  Modification time never checked.
#  File has not been updated.

# Not a target:
/usr/include/x86_64-linux-gnu/bits/types/clock_t.h:
#  Implicit rule search has not been done.
#  Modification time never checked.
#  File has not been updated.

# Not a target:
/usr/include/c++/11/bits/basic_ios.tcc:
#  Implicit rule search has not been done.
#  Modification time never checked.
#  File has not been updated.

# Not a target:
/usr/include/c++/11/istream:
#  Implicit rule search has not been done.
#  Modification time never checked.
#  File has not been updated.

clean_files:
#  Phony target (prerequisite of .PHONY).
#  Implicit rule search has not been done.
#  File does not exist.
#  File has not been updated.
#  recipe to execute (from 'Makefile', line 104):
	@echo "$(NAME) Cleaning files..."

completed:
#  Phony target (prerequisite of .PHONY).
#  Implicit rule search has not been done.
#  File does not exist.
#  File has not been updated.
#  recipe to execute (from 'Makefile', line 96):
	@echo "$(GREEN)"
	@echo "$(NAME) -- Compilation complete !"
	@echo "$(NO_COLOR)"

# Not a target:
/usr/include/c++/11/cctype:
#  Implicit rule search has not been done.
#  Modification time never checked.
#  File has not been updated.

# Not a target:
/usr/include/c++/11/bits/ios_base.h:
#  Implicit rule search has not been done.
#  Modification time never checked.
#  File has not been updated.

test: all
#  Implicit rule search has not been done.
#  Modification time never checked.
#  File has not been updated.
#  recipe to execute (from 'Makefile', line 79):
	./$(NAME)

# Not a target:
/usr/include/x86_64-linux-gnu/bits/types/wint_t.h:
#  Implicit rule search has not been done.
#  Modification time never checked.
#  File has not been updated.

# Not a target:
/usr/include/x86_64-linux-gnu/bits/sched.h:
#  Implicit rule search has not been done.
#  Modification time never checked.
#  File has not been updated.

# Not a target:
/usr/include/x86_64-linux-gnu/bits/types/__FILE.h:
#  Implicit rule search has not been done.
#  Modification time never checked.
#  File has not been updated.

# Not a target:
includes/Array.hpp:
#  Implicit rule search has not been done.
#  Modification time never checked.
#  File has not been updated.

# Not a target:
/usr/include/time.h:
#  Implicit rule search has not been done.
#  Modification time never checked.
#  File has not been updated.

# Not a target:
/usr/include/ctype.h:
#  Implicit rule search has not been done.
#  Modification time never checked.
#  File has not been updated.

# Not a target:
/usr/include/x86_64-linux-gnu/bits/waitflags.h:
#  Implicit rule search has not been done.
#  Modification time never checked.
#  File has not been updated.

# Not a target:
/usr/include/x86_64-linux-gnu/bits/struct_rwlock.h:
#  Implicit rule search has not been done.
#  Modification time never checked.
#  File has not been updated.

# Not a target:
/usr/include/x86_64-linux-gnu/bits/wctype-wchar.h:
#  Implicit rule search has not been done.
#  Modification time never checked.
#  File has not been updated.

# Not a target:
/usr/include/x86_64-linux-gnu/bits/floatn-common.h:
#  Implicit rule search has not been done.
#  Modification time never checked.
#  File has not been updated.

# Not a target:
/usr/include/x86_64-linux-gnu/bits/types/__sigset_t.h:
#  Implicit rule search has not been done.
#  Modification time never checked.
#  File has not been updated.

# Not a target:
/usr/include/c++/11/bits/std_abs.h:
#  Implicit rule search has not been done.
#  Modification time never checked.
#  File has not been updated.

# Not a target:
/usr/include/c++/11/bits/streambuf.tcc:
#  Implicit rule search has not been done.
#  Modification time never checked.
#  File has not been updated.

# Not a target:
/usr/include/c++/11/stdlib.h:
#  Implicit rule search has not been done.
#  Modification time never checked.
#  File has not been updated.

# Not a target:
/usr/include/c++/11/stdexcept:
#  Implicit rule search has not been done.
#  Modification time never checked.
#  File has not been updated.

# Not a target:
/usr/include/x86_64-linux-gnu/bits/pthreadtypes-arch.h:
#  Implicit rule search has not been done.
#  Modification time never checked.
#  File has not been updated.

# Not a target:
/usr/include/locale.h:
#  Implicit rule search has not been done.
#  Modification time never checked.
#  File has not been updated.

# Not a target:
/usr/include/x86_64-linux-gnu/bits/byteswap.h:
#  Implicit rule search has not been done.
#  Modification time never checked.
#  File has not been updated.

# Not a target:
/usr/include/x86_64-linux-gnu/bits/stdlib-float.h:
#  Implicit rule search has not been done.
#  Modification time never checked.
#  File has not been updated.

# Not a target:
srcs/main.cpp:
#  Implicit rule search has not been done.
#  Modification time never checked.
#  File has not been updated.

# Not a target:
/usr/include/c++/11/bits/ptr_traits.h:
#  Implicit rule search has not been done.
#  Modification time never checked.
#  File has not been updated.

# Not a target:
/usr/include/c++/11/bits/memoryfwd.h:
#  Implicit rule search has not been done.
#  Modification time never checked.
#  File has not been updated.

# Not a target:
/usr/lib/gcc/x86_64-linux-gnu/11/include/stdarg.h:
#  Implicit rule search has not been done.
#  Modification time never checked.
#  File has not been updated.

# Not a target:
/usr/include/c++/11/bits/basic_string.h:
#  Implicit rule search has not been done.
#  Modification time never checked.
#  File has not been updated.

# Not a target:
/usr/include/x86_64-linux-gnu/c++/11/bits/gthr-default.h:
#  Implicit rule search has not been done.
#  Modification time never checked.
#  File has not been updated.

# Not a target:
/usr/include/c++/11/bits/locale_classes.tcc:
#  Implicit rule search has not been done.
#  Modification time never checked.
#  File has not been updated.

test_right:
#  Phony target (prerequisite of .PHONY).
#  Implicit rule search has not been done.
#  File does not exist.
#  File has not been updated.

# Not a target:
/usr/include/x86_64-linux-gnu/c++/11/bits/c++locale.h:
#  Implicit rule search has not been done.
#  Modification time never checked.
#  File has not been updated.

# Not a target:
/usr/include/x86_64-linux-gnu/c++/11/bits/atomic_word.h:
#  Implicit rule search has not been done.
#  Modification time never checked.
#  File has not been updated.

# Not a target:
/usr/include/c++/11/bits/exception_defines.h:
#  Implicit rule search has not been done.
#  Modification time never checked.
#  File has not been updated.

# Not a target:
/usr/include/x86_64-linux-gnu/sys/select.h:
#  Implicit rule search has not been done.
#  Modification time never checked.
#  File has not been updated.

# Not a target:
.SUFFIXES:
#  Implicit rule search has not been done.
#  Modification time never checked.
#  File has not been updated.

# Not a target:
/usr/include/stdlib.h:
#  Implicit rule search has not been done.
#  Modification time never checked.
#  File has not been updated.

.PHONY: all clean fclean re compilation completed linking clean_files clean_exec test_right test_wrong vtest
#  Implicit rule search has not been done.
#  Modification time never checked.
#  File has not been updated.

# Not a target:
/usr/include/c++/11/bits/postypes.h:
#  Implicit rule search has not been done.
#  Modification time never checked.
#  File has not been updated.

compilation:
#  Phony target (prerequisite of .PHONY).
#  Implicit rule search has not been done.
#  File does not exist.
#  File has not been updated.
#  recipe to execute (from 'Makefile', line 93):
	@echo "$(NAME) Compilation in progress..."

# Not a target:
/usr/include/x86_64-linux-gnu/bits/types/__mbstate_t.h:
#  Implicit rule search has not been done.
#  Modification time never checked.
#  File has not been updated.

# Not a target:
/usr/include/x86_64-linux-gnu/bits/types/struct_sched_param.h:
#  Implicit rule search has not been done.
#  Modification time never checked.
#  File has not been updated.

# Not a target:
/usr/include/x86_64-linux-gnu/bits/stdint-intn.h:
#  Implicit rule search has not been done.
#  Modification time never checked.
#  File has not been updated.

# Not a target:
/usr/include/x86_64-linux-gnu/c++/11/bits/c++config.h:
#  Implicit rule search has not been done.
#  Modification time never checked.
#  File has not been updated.

# Not a target:
/usr/include/x86_64-linux-gnu/bits/types/struct_tm.h:
#  Implicit rule search has not been done.
#  Modification time never checked.
#  File has not been updated.

# Not a target:
/usr/include/c++/11/bits/move.h:
#  Implicit rule search has not been done.
#  Modification time never checked.
#  File has not been updated.

# Not a target:
/usr/include/c++/11/ios:
#  Implicit rule search has not been done.
#  Modification time never checked.
#  File has not been updated.

# Not a target:
/usr/include/c++/11/cstdlib:
#  Implicit rule search has not been done.
#  Modification time never checked.
#  File has not been updated.

# Not a target:
/usr/include/x86_64-linux-gnu/sys/single_threaded.h:
#  Implicit rule search has not been done.
#  Modification time never checked.
#  File has not been updated.

# Not a target:
/usr/include/c++/11/exception:
#  Implicit rule search has not been done.
#  Modification time never checked.
#  File has not been updated.

# files hash-table stats:
# Load=170/1024=17%, Rehash=0, Collisions=38/359=11%
# VPATH Search Paths

# No 'vpath' search paths.

# No general ('VPATH' variable) search path.

# strcache buffers: 1 (0) / strings = 180 / storage = 6485 B / avg = 36 B
# current buf: size = 8162 B / used = 6485 B / count = 180 / avg = 36 B

# strcache performance: lookups = 221 / hit rate = 18%
# hash-table stats:
# Load=180/8192=2%, Rehash=0, Collisions=1/221=0%
# Finished Make data base on Sat Aug 20 11:12:40 2022

 
